ScenarioSerializerSpec works.
Product is BusinessVpn: site: Site - address = г. Воронеж, ул. Карла Маркса, д. 68port: Port: PlatinumDomestic Speed: 2048FIX
Port is Port: PlatinumDomestic Speed: 2048FIX
Site is Site - address = г. Воронеж, ул. Карла Маркса, д. 68
{
    "id": 1,
    "ownerEmail": "sergey.bogachek@orange.com",
    "note": "sql-generated scenario 01",
    "contractTerm": 12,
    "lastUpdateDate": "2014.01.30 06:44",
    "items": [
        {
            "id": 1,
            "type": "new",
            "note": "Business VPN 1 - test product item",
            "strings": [
                {
                    "id": 1,
                    "code": "in_town_string",
                    "value": "\u041D\u043E\u0432\u043E\u0441\u0438\u0431\u0438\u0440\u0441\u043A"
                },
                {
                    "id": 4,
                    "code": "in_port_type_string",
                    "value": "upgrade"
                },
                {
                    "id": 3,
                    "code": "ref_risk_percent",
                    "value": "upgrade"
                },
                {
                    "id": 2,
                    "code": "in_port_coverage_string",
                    "value": "domestic"
                }
            ],
            "numerics": [
                {
                    "id": 7,
                    "code": "out_required_price_fix_margin_percent",
                    "value": 80.37
                },
                {
                    "id": 6,
                    "code": "out_standard_price_fix_margin_percent",
                    "value": 89.0
                },
                {
                    "id": 1,
                    "code": "ref_cost_monthly_helpdesk_support_port_hour",
                    "value": 0.39
                },
                {
                    "id": 9,
                    "code": "ref_cost_executive_salary_percent",
                    "value": 12.0
                },
                {
                    "id": 4,
                    "code": "ref_mux_number",
                    "value": 4.7
                },
                {
                    "id": 3,
                    "code": "ref_utilization_number",
                    "value": 0.55
                },
                {
                    "id": 8,
                    "code": "out_required_price_ubb_discount_onetime_percent",
                    "value": 100.0
                },
                {
                    "id": 2,
                    "code": "ref_cost_monthly_port_support_percent",
                    "value": 1.25
                },
                {
                    "id": 5,
                    "code": "ref_coeff_tariff_calculation_for_speed_number",
                    "value": 1.0
                }
            ],
            "treasures": [
                {
                    "id": 18,
                    "code": "out_standard_price_payment_onetime_money",
                    "currencyCode": "RUR",
                    "value": 9600
                },
                {
                    "id": 13,
                    "code": "ref_tariff_ubb_video_1MB_money",
                    "currencyCode": "RUR",
                    "value": 0.6
                },
                {
                    "id": 15,
                    "code": "out_standard_cost_monthly_money",
                    "currencyCode": "RUR",
                    "value": 2749.48
                },
                {
                    "id": 19,
                    "code": "out_standard_price_fix_payment_monthly_money",
                    "currencyCode": "RUR",
                    "value": 26500
                },
                {
                    "id": 17,
                    "code": "out_cost_traffic_1MB_money",
                    "currencyCode": "RUR",
                    "value": 0
                },
                {
                    "id": 9,
                    "code": "ref_tariff_ubb_data3_1MB_money",
                    "currencyCode": "RUR",
                    "value": 0.44
                },
                {
                    "id": 16,
                    "code": "out_required_cost_monthly_money",
                    "currencyCode": "RUR",
                    "value": 626.26
                },
                {
                    "id": 6,
                    "code": "out_cost_monthly_transmission_cost_1MB_money",
                    "currencyCode": "RUR",
                    "value": 0
                },
                {
                    "id": 7,
                    "code": "refout_payment_onetime_speed_current_money",
                    "currencyCode": "RUR",
                    "value": 9600
                },
                {
                    "id": 24,
                    "code": "in_required_price_ubb_payment_monthly_money",
                    "currencyCode": "RUR",
                    "value": 1500
                },
                {
                    "id": 8,
                    "code": "ref_standard_price_payment_2M_monthly_money",
                    "currencyCode": "RUR",
                    "value": 15000
                },
                {
                    "id": 21,
                    "code": "in_required_price_fix_payment_monthly_money",
                    "currencyCode": "RUR",
                    "value": 15000
                },
                {
                    "id": 4,
                    "code": "ref_cost_monthly_transmission_cost_1kb_money",
                    "currencyCode": "RUR",
                    "value": 0.88
                },
                {
                    "id": 1,
                    "code": "out_cost_monthly_helpdesk_support_port_money",
                    "currencyCode": "RUR",
                    "value": 491.2
                },
                {
                    "id": 2,
                    "code": "ref_cost_monthly_depreciation_router_1kb_sec_money",
                    "currencyCode": "RUR",
                    "value": 0.03
                },
                {
                    "id": 20,
                    "code": "in_required_price_fix_payment_onetime_money",
                    "currencyCode": "RUR",
                    "value": 0
                },
                {
                    "id": 23,
                    "code": "in_required_price_ubb_payment_onetime_money",
                    "currencyCode": "RUR",
                    "value": 0
                },
                {
                    "id": 10,
                    "code": "ref_tariff_ubb_data2_1MB_money",
                    "currencyCode": "RUR",
                    "value": 0.51
                },
                {
                    "id": 22,
                    "code": "out_standard_price_ubb_payment_monthly_money",
                    "currencyCode": "RUR",
                    "value": 2100
                },
                {
                    "id": 14,
                    "code": "out_cost_onetime_money",
                    "currencyCode": "RUR",
                    "value": 1351
                },
                {
                    "id": 12,
                    "code": "ref_tariff_ubb_voice_1MB_money",
                    "currencyCode": "RUR",
                    "value": 0.6
                },
                {
                    "id": 3,
                    "code": "ref_cost_monthly_depreciation_port_money",
                    "currencyCode": "RUR",
                    "value": 76.48
                },
                {
                    "id": 5,
                    "code": "out_cost_monthly_transmission_cost_1kb_money",
                    "currencyCode": "RUR",
                    "value": 0.87
                },
                {
                    "id": 11,
                    "code": "ref_tariff_ubb_data1_1MB_money",
                    "currencyCode": "RUR",
                    "value": 0.6
                }
            ],
            "product": {
                "id": 1,
                "name": "Business VPN",
                "code": "115.00",
                "town": "\u041F\u0435\u043D\u0437\u0430",
                "site": {
                    "id": 97,
                    "isLastMile": false,
                    "isBusinessCentre": false,
                    "address": "\u0433. \u0412\u043E\u0440\u043E\u043D\u0435\u0436, \u0443\u043B. \u041A\u0430\u0440\u043B\u0430 \u041C\u0430\u0440\u043A\u0441\u0430, \u0434. 68",
                    "customer": {
                        "id": 9,
                        "official": "\u041E\u041E\u041E \"\u0420\u043E\u0437\u0430 \u0425\u0443\u0442\u043E\u0440\"",
                        "externalId": null,
                        "customerType": "new"
                    }
                },
                "port": {
                    "id": 1,
                    "speed": 2048,
                    "tarifficationScheme": "fix",
                    "coverage": "domestic",
                    "type": "platinum"
                }
            }
        },
        {
            "id": 2,
            "type": "new",
            "note": "Business VPN 2 - test product item",
            "strings": [
                {
                    "id": 5,
                    "code": "in_town_string",
                    "value": "\u041D\u043E\u0432\u043E\u0441\u0438\u0431\u0438\u0440\u0441\u043A"
                },
                {
                    "id": 8,
                    "code": "in_port_type_string",
                    "value": "upgrade"
                },
                {
                    "id": 7,
                    "code": "ref_risk_percent",
                    "value": "upgrade"
                },
                {
                    "id": 6,
                    "code": "in_port_coverage_string",
                    "value": "domestic"
                }
            ],
            "numerics": [
                {
                    "id": 16,
                    "code": "out_required_price_fix_margin_percent",
                    "value": 80.37
                },
                {
                    "id": 15,
                    "code": "out_standard_price_fix_margin_percent",
                    "value": 89.0
                },
                {
                    "id": 10,
                    "code": "ref_cost_monthly_helpdesk_support_port_hour",
                    "value": 0.39
                },
                {
                    "id": 18,
                    "code": "ref_cost_executive_salary_percent",
                    "value": 12.0
                },
                {
                    "id": 13,
                    "code": "ref_mux_number",
                    "value": 4.7
                },
                {
                    "id": 12,
                    "code": "ref_utilization_number",
                    "value": 0.55
                },
                {
                    "id": 17,
                    "code": "out_required_price_ubb_discount_onetime_percent",
                    "value": 100.0
                },
                {
                    "id": 11,
                    "code": "ref_cost_monthly_port_support_percent",
                    "value": 1.25
                },
                {
                    "id": 14,
                    "code": "ref_coeff_tariff_calculation_for_speed_number",
                    "value": 1.0
                }
            ],
            "treasures": [
                {
                    "id": 42,
                    "code": "out_standard_price_payment_onetime_money",
                    "currencyCode": "RUR",
                    "value": 9600
                },
                {
                    "id": 37,
                    "code": "ref_tariff_ubb_video_1MB_money",
                    "currencyCode": "RUR",
                    "value": 0.6
                },
                {
                    "id": 39,
                    "code": "out_standard_cost_monthly_money",
                    "currencyCode": "RUR",
                    "value": 2749.48
                },
                {
                    "id": 43,
                    "code": "out_standard_price_fix_payment_monthly_money",
                    "currencyCode": "RUR",
                    "value": 26500
                },
                {
                    "id": 41,
                    "code": "out_cost_traffic_1MB_money",
                    "currencyCode": "RUR",
                    "value": 0
                },
                {
                    "id": 33,
                    "code": "ref_tariff_ubb_data3_1MB_money",
                    "currencyCode": "RUR",
                    "value": 0.44
                },
                {
                    "id": 40,
                    "code": "out_required_cost_monthly_money",
                    "currencyCode": "RUR",
                    "value": 626.26
                },
                {
                    "id": 30,
                    "code": "out_cost_monthly_transmission_cost_1MB_money",
                    "currencyCode": "RUR",
                    "value": 0
                },
                {
                    "id": 31,
                    "code": "refout_payment_onetime_speed_current_money",
                    "currencyCode": "RUR",
                    "value": 9600
                },
                {
                    "id": 48,
                    "code": "in_required_price_ubb_payment_monthly_money",
                    "currencyCode": "RUR",
                    "value": 1500
                },
                {
                    "id": 32,
                    "code": "ref_standard_price_payment_2M_monthly_money",
                    "currencyCode": "RUR",
                    "value": 15000
                },
                {
                    "id": 45,
                    "code": "in_required_price_fix_payment_monthly_money",
                    "currencyCode": "RUR",
                    "value": 15000
                },
                {
                    "id": 28,
                    "code": "ref_cost_monthly_transmission_cost_1kb_money",
                    "currencyCode": "RUR",
                    "value": 0.88
                },
                {
                    "id": 25,
                    "code": "out_cost_monthly_helpdesk_support_port_money",
                    "currencyCode": "RUR",
                    "value": 491.2
                },
                {
                    "id": 26,
                    "code": "ref_cost_monthly_depreciation_router_1kb_sec_money",
                    "currencyCode": "RUR",
                    "value": 0.03
                },
                {
                    "id": 44,
                    "code": "in_required_price_fix_payment_onetime_money",
                    "currencyCode": "RUR",
                    "value": 0
                },
                {
                    "id": 47,
                    "code": "in_required_price_ubb_payment_onetime_money",
                    "currencyCode": "RUR",
                    "value": 0
                },
                {
                    "id": 34,
                    "code": "ref_tariff_ubb_data2_1MB_money",
                    "currencyCode": "RUR",
                    "value": 0.51
                },
                {
                    "id": 46,
                    "code": "out_standard_price_ubb_payment_monthly_money",
                    "currencyCode": "RUR",
                    "value": 2100
                },
                {
                    "id": 38,
                    "code": "out_cost_onetime_money",
                    "currencyCode": "RUR",
                    "value": 1351
                },
                {
                    "id": 36,
                    "code": "ref_tariff_ubb_voice_1MB_money",
                    "currencyCode": "RUR",
                    "value": 0.6
                },
                {
                    "id": 27,
                    "code": "ref_cost_monthly_depreciation_port_money",
                    "currencyCode": "RUR",
                    "value": 76.48
                },
                {
                    "id": 29,
                    "code": "out_cost_monthly_transmission_cost_1kb_money",
                    "currencyCode": "RUR",
                    "value": 0.87
                },
                {
                    "id": 35,
                    "code": "ref_tariff_ubb_data1_1MB_money",
                    "currencyCode": "RUR",
                    "value": 0.6
                }
            ],
            "product": {
                "id": 2,
                "name": "Business VPN",
                "code": "115.00",
                "town": "\u041F\u0435\u043D\u0437\u0430",
                "site": {
                    "id": 97,
                    "isLastMile": false,
                    "isBusinessCentre": false,
                    "address": "\u0433. \u0412\u043E\u0440\u043E\u043D\u0435\u0436, \u0443\u043B. \u041A\u0430\u0440\u043B\u0430 \u041C\u0430\u0440\u043A\u0441\u0430, \u0434. 68",
                    "customer": {
                        "id": 9,
                        "official": "\u041E\u041E\u041E \"\u0420\u043E\u0437\u0430 \u0425\u0443\u0442\u043E\u0440\"",
                        "externalId": null,
                        "customerType": "new"
                    }
                },
                "port": {
                    "id": 2,
                    "speed": 2048,
                    "tarifficationScheme": "fix",
                    "coverage": "domestic",
                    "type": "platinum"
                }
            }
        },
        {
            "id": 6,
            "type": "new",
            "note": "Access Lines 2 - test product item",
            "strings": [
                {
                    "id": 16,
                    "code": "in_lines_type_string",
                    "value": "build"
                },
                {
                    "id": 15,
                    "code": "in_product_item_type_string",
                    "value": "new"
                }
            ],
            "numerics": [
                {
                    "id": 109,
                    "code": "out_customer_price_discount_onetime_percent",
                    "value": 24.0
                },
                {
                    "id": 108,
                    "code": "out_customer_price_payback_months",
                    "value": 24.0
                },
                {
                    "id": 93,
                    "code": "ref_cost_executive_salary_percent",
                    "value": 14.0
                },
                {
                    "id": 107,
                    "code": "out_customer_price_margin_percent",
                    "value": 24.0
                },
                {
                    "id": 92,
                    "code": "ref_risk_percent",
                    "value": 4.0
                },
                {
                    "id": 111,
                    "code": "out_floor_price_margin_percent",
                    "value": 24.0
                },
                {
                    "id": 103,
                    "code": "out_required_price_margin_percent",
                    "value": 24.0
                },
                {
                    "id": 97,
                    "code": "ref_floor_price_margin_percent",
                    "value": 10.0
                },
                {
                    "id": 102,
                    "code": "out_standard_price_payback_months",
                    "value": 24.0
                },
                {
                    "id": 95,
                    "code": "ref_standard_required_price_margin_percent",
                    "value": 20.0
                },
                {
                    "id": 98,
                    "code": "ref_floor_price_payback_months",
                    "value": 24.0
                },
                {
                    "id": 112,
                    "code": "out_floor_price_payback_months",
                    "value": 24.0
                },
                {
                    "id": 100,
                    "code": "ref_depreciation_build_months",
                    "value": 120.0
                },
                {
                    "id": 101,
                    "code": "out_standard_price_margin_percent",
                    "value": 22.0
                },
                {
                    "id": 96,
                    "code": "ref_standard_required_price_payback_months",
                    "value": 24.0
                },
                {
                    "id": 99,
                    "code": "ref_depreciation_equipment_months",
                    "value": 60.0
                },
                {
                    "id": 114,
                    "code": "out_floor_price_discount_monthly_percent",
                    "value": 24.0
                },
                {
                    "id": 104,
                    "code": "out_required_price_payback_months",
                    "value": 24.0
                },
                {
                    "id": 94,
                    "code": "ref_coefficient_onetime_payment_percent",
                    "value": 30.0
                },
                {
                    "id": 105,
                    "code": "out_required_price_discount_onetime_percent",
                    "value": 24.0
                },
                {
                    "id": 106,
                    "code": "out_required_price_discount_monthly_percent",
                    "value": 24.0
                },
                {
                    "id": 91,
                    "code": "in_contract_term_months",
                    "value": 36.0
                },
                {
                    "id": 113,
                    "code": "out_floor_price_discount_onetime_percent",
                    "value": 24.0
                },
                {
                    "id": 110,
                    "code": "out_customer_price_discount_monthly_percent",
                    "value": 24.0
                }
            ],
            "treasures": [
                {
                    "id": 94,
                    "code": "in_cost_monthly_build_money",
                    "currencyCode": "RUR",
                    "value": 200000
                },
                {
                    "id": 92,
                    "code": "in_capex_build_money",
                    "currencyCode": "RUR",
                    "value": 200000
                },
                {
                    "id": 104,
                    "code": "out_floor_price_payment_monthly_money",
                    "currencyCode": "RUR",
                    "value": 1000
                },
                {
                    "id": 103,
                    "code": "out_floor_price_payment_onetime_money",
                    "currencyCode": "RUR",
                    "value": 1000
                },
                {
                    "id": 102,
                    "code": "out_customer_price_payment_monthly_money",
                    "currencyCode": "RUR",
                    "value": 1000
                },
                {
                    "id": 100,
                    "code": "inout_required_price_payment_monthly_money",
                    "currencyCode": "RUR",
                    "value": 1000
                },
                {
                    "id": 99,
                    "code": "inout_required_price_payment_onetime_money",
                    "currencyCode": "RUR",
                    "value": 1000
                },
                {
                    "id": 91,
                    "code": "in_capex_equipment_money",
                    "currencyCode": "RUR",
                    "value": 100000
                },
                {
                    "id": 98,
                    "code": "out_standard_price_payment_onetime_money",
                    "currencyCode": "RUR",
                    "value": 1000
                },
                {
                    "id": 96,
                    "code": "out_standard_price_payment_monthly_money",
                    "currencyCode": "RUR",
                    "value": 1000
                },
                {
                    "id": 95,
                    "code": "in_cost_monthly_lease_money",
                    "currencyCode": "RUR",
                    "value": 200000
                },
                {
                    "id": 101,
                    "code": "out_customer_price_payment_onetime_money",
                    "currencyCode": "RUR",
                    "value": 1000
                },
                {
                    "id": 93,
                    "code": "in_cost_onetime_lease_money",
                    "currencyCode": "RUR",
                    "value": 200000
                }
            ],
            "product": {
                "id": 6,
                "name": "Access Lines",
                "code": "802.01",
                "type": "build",
                "site": {
                    "id": 97,
                    "isLastMile": false,
                    "isBusinessCentre": false,
                    "address": "\u0433. \u0412\u043E\u0440\u043E\u043D\u0435\u0436, \u0443\u043B. \u041A\u0430\u0440\u043B\u0430 \u041C\u0430\u0440\u043A\u0441\u0430, \u0434. 68",
                    "customer": {
                        "id": 9,
                        "official": "\u041E\u041E\u041E \"\u0420\u043E\u0437\u0430 \u0425\u0443\u0442\u043E\u0440\"",
                        "externalId": null,
                        "customerType": "new"
                    }
                }
            }
        },
        {
            "id": 5,
            "type": "new",
            "note": "Access Lines - test product item",
            "strings": [
                {
                    "id": 14,
                    "code": "in_lines_type_string",
                    "value": "build"
                },
                {
                    "id": 13,
                    "code": "in_product_item_type_string",
                    "value": "new"
                }
            ],
            "numerics": [
                {
                    "id": 85,
                    "code": "out_customer_price_discount_onetime_percent",
                    "value": 24.0
                },
                {
                    "id": 84,
                    "code": "out_customer_price_payback_months",
                    "value": 24.0
                },
                {
                    "id": 69,
                    "code": "ref_cost_executive_salary_percent",
                    "value": 14.0
                },
                {
                    "id": 83,
                    "code": "out_customer_price_margin_percent",
                    "value": 24.0
                },
                {
                    "id": 68,
                    "code": "ref_risk_percent",
                    "value": 4.0
                },
                {
                    "id": 87,
                    "code": "out_floor_price_margin_percent",
                    "value": 24.0
                },
                {
                    "id": 79,
                    "code": "out_required_price_margin_percent",
                    "value": 24.0
                },
                {
                    "id": 73,
                    "code": "ref_floor_price_margin_percent",
                    "value": 10.0
                },
                {
                    "id": 78,
                    "code": "out_standard_price_payback_months",
                    "value": 24.0
                },
                {
                    "id": 71,
                    "code": "ref_standard_required_price_margin_percent",
                    "value": 20.0
                },
                {
                    "id": 74,
                    "code": "ref_floor_price_payback_months",
                    "value": 24.0
                },
                {
                    "id": 88,
                    "code": "out_floor_price_payback_months",
                    "value": 24.0
                },
                {
                    "id": 76,
                    "code": "ref_depreciation_build_months",
                    "value": 120.0
                },
                {
                    "id": 77,
                    "code": "out_standard_price_margin_percent",
                    "value": 22.0
                },
                {
                    "id": 72,
                    "code": "ref_standard_required_price_payback_months",
                    "value": 24.0
                },
                {
                    "id": 75,
                    "code": "ref_depreciation_equipment_months",
                    "value": 60.0
                },
                {
                    "id": 90,
                    "code": "out_floor_price_discount_monthly_percent",
                    "value": 24.0
                },
                {
                    "id": 80,
                    "code": "out_required_price_payback_months",
                    "value": 24.0
                },
                {
                    "id": 70,
                    "code": "ref_coefficient_onetime_payment_percent",
                    "value": 30.0
                },
                {
                    "id": 81,
                    "code": "out_required_price_discount_onetime_percent",
                    "value": 24.0
                },
                {
                    "id": 82,
                    "code": "out_required_price_discount_monthly_percent",
                    "value": 24.0
                },
                {
                    "id": 67,
                    "code": "in_contract_term_months",
                    "value": 36.0
                },
                {
                    "id": 89,
                    "code": "out_floor_price_discount_onetime_percent",
                    "value": 24.0
                },
                {
                    "id": 86,
                    "code": "out_customer_price_discount_monthly_percent",
                    "value": 24.0
                }
            ],
            "treasures": [
                {
                    "id": 80,
                    "code": "in_cost_monthly_build_money",
                    "currencyCode": "RUR",
                    "value": 200000
                },
                {
                    "id": 78,
                    "code": "in_capex_build_money",
                    "currencyCode": "RUR",
                    "value": 200000
                },
                {
                    "id": 90,
                    "code": "out_floor_price_payment_monthly_money",
                    "currencyCode": "RUR",
                    "value": 1000
                },
                {
                    "id": 89,
                    "code": "out_floor_price_payment_onetime_money",
                    "currencyCode": "RUR",
                    "value": 1000
                },
                {
                    "id": 88,
                    "code": "out_customer_price_payment_monthly_money",
                    "currencyCode": "RUR",
                    "value": 1000
                },
                {
                    "id": 86,
                    "code": "inout_required_price_payment_monthly_money",
                    "currencyCode": "RUR",
                    "value": 1000
                },
                {
                    "id": 85,
                    "code": "inout_required_price_payment_onetime_money",
                    "currencyCode": "RUR",
                    "value": 1000
                },
                {
                    "id": 77,
                    "code": "in_capex_equipment_money",
                    "currencyCode": "RUR",
                    "value": 100000
                },
                {
                    "id": 84,
                    "code": "out_standard_price_payment_onetime_money",
                    "currencyCode": "RUR",
                    "value": 1000
                },
                {
                    "id": 82,
                    "code": "out_standard_price_payment_monthly_money",
                    "currencyCode": "RUR",
                    "value": 1000
                },
                {
                    "id": 81,
                    "code": "in_cost_monthly_lease_money",
                    "currencyCode": "RUR",
                    "value": 200000
                },
                {
                    "id": 87,
                    "code": "out_customer_price_payment_onetime_money",
                    "currencyCode": "RUR",
                    "value": 1000
                },
                {
                    "id": 79,
                    "code": "in_cost_onetime_lease_money",
                    "currencyCode": "RUR",
                    "value": 200000
                }
            ],
            "product": {
                "id": 5,
                "name": "Access Lines",
                "code": "802.01",
                "type": "build",
                "site": {
                    "id": 97,
                    "isLastMile": false,
                    "isBusinessCentre": false,
                    "address": "\u0433. \u0412\u043E\u0440\u043E\u043D\u0435\u0436, \u0443\u043B. \u041A\u0430\u0440\u043B\u0430 \u041C\u0430\u0440\u043A\u0441\u0430, \u0434. 68",
                    "customer": {
                        "id": 9,
                        "official": "\u041E\u041E\u041E \"\u0420\u043E\u0437\u0430 \u0425\u0443\u0442\u043E\u0440\"",
                        "externalId": null,
                        "customerType": "new"
                    }
                }
            }
        }
    ]
}
